TN:
SF:calculator.js
FN:1,add
FN:5,subtract
FN:9,sum
FN:13,multiply
FN:17,power
FN:21,factorial
FNF:6
FNH:6
FNDA:1,add
FNDA:1,subtract
FNDA:1,sum
FNDA:1,multiply
FNDA:1,power
FNDA:1,factorial
DA:2,1
DA:6,1
DA:10,1
DA:14,1
DA:18,1
DA:22,1
DA:24,1
DA:25,3
DA:26,1
DA:30,1
LF:10
LH:10
BRF:0
BRH:0
end_of_record
TN:
SF:index.js
FN:2,(anonymous_0)
FN:6,(anonymous_1)
FN:14,removeFromArray
FN:31,(anonymous_3)
FN:34,(anonymous_4)
FN:39,(anonymous_5)
FN:46,(anonymous_6)
FN:55,(anonymous_7)
FN:64,(anonymous_8)
FN:76,(anonymous_9)
FN:80,(anonymous_10)
FN:92,(anonymous_11)
FN:97,compileAndroidCode
FN:101,(anonymous_13)
FN:102,(anonymous_14)
FN:103,(anonymous_15)
FN:106,(anonymous_16)
FN:107,(anonymous_17)
FN:116,map
FN:126,reduce
FNF:20
FNH:18
FNDA:0,(anonymous_0)
FNDA:0,(anonymous_1)
FNDA:2,removeFromArray
FNDA:1,(anonymous_3)
FNDA:1,(anonymous_4)
FNDA:1,(anonymous_5)
FNDA:1,(anonymous_6)
FNDA:1,(anonymous_7)
FNDA:1,(anonymous_8)
FNDA:1,(anonymous_9)
FNDA:1,(anonymous_10)
FNDA:1,(anonymous_11)
FNDA:4,compileAndroidCode
FNDA:1,(anonymous_13)
FNDA:1,(anonymous_14)
FNDA:1,(anonymous_15)
FNDA:1,(anonymous_16)
FNDA:1,(anonymous_17)
FNDA:1,map
FNDA:1,reduce
DA:3,0
DA:7,0
DA:17,2
DA:18,2
DA:19,2
DA:21,2
DA:26,1
DA:31,1
DA:32,1
DA:34,1
DA:35,1
DA:36,1
DA:37,1
DA:39,1
DA:40,1
DA:41,9
DA:42,81
DA:46,1
DA:47,1
DA:48,1
DA:49,1
DA:50,1
DA:51,1
DA:52,1
DA:55,1
DA:56,1
DA:57,1
DA:58,1
DA:59,1
DA:60,1
DA:61,1
DA:64,1
DA:65,1
DA:66,1
DA:67,1
DA:68,1
DA:69,1
DA:72,1
DA:73,1
DA:76,1
DA:77,1
DA:80,1
DA:81,1
DA:84,1
DA:92,1
DA:93,1
DA:94,1
DA:98,4
DA:101,1
DA:102,1
DA:103,1
DA:106,1
DA:107,1
DA:117,1
DA:118,1
DA:119,2
DA:121,1
DA:127,1
DA:128,1
DA:129,2
DA:131,1
DA:136,1
LF:62
LH:60
BRDA:17,0,0,2
BRDA:17,0,1,0
BRDA:126,1,0,1
BRF:3
BRH:2
end_of_record
