{"/Users/asvindrarajpoot/Desktop/AltCampus-Projects/Advanced-JavaScript/TA-JS-advanced-dom-and-test-TJaaan/block-BJaajc/code/index.js": {"path":"/Users/asvindrarajpoot/Desktop/AltCampus-Projects/Advanced-JavaScript/TA-JS-advanced-dom-and-test-TJaaan/block-BJaajc/code/index.js","statementMap":{"0":{"start":{"line":8,"column":4},"end":{"line":8,"column":38}},"1":{"start":{"line":13,"column":20},"end":{"line":13,"column":56}},"2":{"start":{"line":14,"column":4},"end":{"line":14,"column":29}},"3":{"start":{"line":17,"column":9},"end":{"line":17,"column":13}},"4":{"start":{"line":22,"column":4},"end":{"line":22,"column":48}},"5":{"start":{"line":30,"column":4},"end":{"line":30,"column":44}},"6":{"start":{"line":34,"column":0},"end":{"line":39,"column":1}}},"fnMap":{"0":{"name":"getFullName","decl":{"start":{"line":7,"column":9},"end":{"line":7,"column":20}},"loc":{"start":{"line":7,"column":40},"end":{"line":9,"column":1}},"line":7},"1":{"name":"isPalindrome","decl":{"start":{"line":12,"column":9},"end":{"line":12,"column":21}},"loc":{"start":{"line":12,"column":26},"end":{"line":15,"column":1}},"line":12},"2":{"name":"getCircumfrence","decl":{"start":{"line":20,"column":9},"end":{"line":20,"column":24}},"loc":{"start":{"line":20,"column":32},"end":{"line":24,"column":1}},"line":20},"3":{"name":"getArea","decl":{"start":{"line":28,"column":9},"end":{"line":28,"column":16}},"loc":{"start":{"line":28,"column":24},"end":{"line":31,"column":1}},"line":28}},"branchMap":{},"s":{"0":6,"1":6,"2":6,"3":1,"4":6,"5":6,"6":1},"f":{"0":6,"1":6,"2":6,"3":6},"b":{},"_coverageSchema":"1a1c01bbd47fc00a2c39e90264f33305004495a9","hash":"f2500c057ced23eeea43879ab5ddf121ae4928f8"}
}
